The system is: Windows - 10.0.16299 - AMD64
Compiling the C compiler identification source file "CMakeCCompilerId.c" succeeded.
Compiler: C:/MinGW/bin/gcc.exe 
Build flags: 
Id flags:  

The output was:
0


Compilation of the C compiler identification source "CMakeCCompilerId.c" produced "a.exe"

The C compiler identification is GNU, found in "C:/Users/crist/OneDrive/Documents/CPS1010_Assignment3/cmake-build-debug/CMakeFiles/3.9.4/CompilerIdC/a.exe"

Compiling the CXX compiler identification source file "CMakeCXXCompilerId.cpp" succeeded.
Compiler: C:/MinGW/bin/g++.exe 
Build flags: 
Id flags:  

The output was:
0


Compilation of the CXX compiler identification source "CMakeCXXCompilerId.cpp" produced "a.exe"

Compiling the CXX compiler identification source file "CMakeCXXCompilerId.cpp" succeeded.
Compiler: C:/MinGW/bin/g++.exe 
Build flags: 
Id flags: -c 

The output was:
0


Compilation of the CXX compiler identification source "CMakeCXXCompilerId.cpp" produced "CMakeCXXCompilerId.o"

The CXX compiler identification is GNU, found in "C:/Users/crist/OneDrive/Documents/CPS1010_Assignment3/cmake-build-debug/CMakeFiles/3.9.4/CompilerIdCXX/CMakeCXXCompilerId.o"

Determining if the C compiler works passed with the following output:
Change Dir: C:/Users/crist/OneDrive/Documents/CPS1010_Assignment3/cmake-build-debug/CMakeFiles/CMakeTmp

Run Build Command:"C:/MinGW/bin/mingw32-make.exe" "cmTC_36b27/fast"
C:/MinGW/bin/mingw32-make.exe -f CMakeFiles\cmTC_36b27.dir\build.make CMakeFiles/cmTC_36b27.dir/build
mingw32-make.exe[1]: Entering directory 'C:/Users/crist/OneDrive/Documents/CPS1010_Assignment3/cmake-build-debug/CMakeFiles/CMakeTmp'
Building C object CMakeFiles/cmTC_36b27.dir/testCCompiler.c.obj
C:\MinGW\bin\gcc.exe    -o CMakeFiles\cmTC_36b27.dir\testCCompiler.c.obj   -c C:\Users\crist\OneDrive\Documents\CPS1010_Assignment3\cmake-build-debug\CMakeFiles\CMakeTmp\testCCompiler.c
Linking C executable cmTC_36b27.exe
"C:\Program Files\JetBrains\CLion 2017.3\bin\cmake\bin\cmake.exe" -E cmake_link_script CMakeFiles\cmTC_36b27.dir\link.txt --verbose=1
"C:\Program Files\JetBrains\CLion 2017.3\bin\cmake\bin\cmake.exe" -E remove -f CMakeFiles\cmTC_36b27.dir/objects.a
C:\MinGW\bin\ar.exe cr CMakeFiles\cmTC_36b27.dir/objects.a @CMakeFiles\cmTC_36b27.dir\objects1.rsp
C:\MinGW\bin\gcc.exe      -Wl,--whole-archive CMakeFiles\cmTC_36b27.dir/objects.a -Wl,--no-whole-archive  -o cmTC_36b27.exe -Wl,--out-implib,libcmTC_36b27.dll.a -Wl,--major-image-version,0,--minor-image-version,0 @CMakeFiles\cmTC_36b27.dir\linklibs.rsp
mingw32-make.exe[1]: Leaving directory 'C:/Users/crist/OneDrive/Documents/CPS1010_Assignment3/cmake-build-debug/CMakeFiles/CMakeTmp'


The system is: Windows - 10.0.16299 - AMD64
Compiling the C compiler identification source file "CMakeCCompilerId.c" succeeded.
Compiler: C:/MinGW/bin/gcc.exe 
Build flags: 
Id flags:  

The output was:
0


Compilation of the C compiler identification source "CMakeCCompilerId.c" produced "a.exe"

The C compiler identification is GNU, found in "C:/Users/crist/OneDrive/Documents/CPS1010_Assignment3/cmake-build-debug/CMakeFiles/3.9.4/CompilerIdC/a.exe"

Compiling the CXX compiler identification source file "CMakeCXXCompilerId.cpp" succeeded.
Compiler: C:/MinGW/bin/g++.exe 
Build flags: 
Id flags:  

The output was:
0


Compilation of the CXX compiler identification source "CMakeCXXCompilerId.cpp" produced "a.exe"

Compiling the CXX compiler identification source file "CMakeCXXCompilerId.cpp" succeeded.
Compiler: C:/MinGW/bin/g++.exe 
Build flags: 
Id flags: -c 

The output was:
0


Compilation of the CXX compiler identification source "CMakeCXXCompilerId.cpp" produced "CMakeCXXCompilerId.o"

The CXX compiler identification is GNU, found in "C:/Users/crist/OneDrive/Documents/CPS1010_Assignment3/cmake-build-debug/CMakeFiles/3.9.4/CompilerIdCXX/CMakeCXXCompilerId.o"

